[debug] [2023-07-19T10:57:21.639Z] ----------------------------------------------------------------------
[debug] [2023-07-19T10:57:21.641Z] Command:       C:\Program Files\nodejs\node.exe C:\Users\dolly\AppData\Roaming\npm\node_modules\firebase-tools\lib\bin\firebase.js login
[debug] [2023-07-19T10:57:21.641Z] CLI Version:   12.4.4
[debug] [2023-07-19T10:57:21.641Z] Platform:      win32
[debug] [2023-07-19T10:57:21.642Z] Node Version:  v18.12.1
[debug] [2023-07-19T10:57:21.642Z] Time:          Wed Jul 19 2023 17:57:21 GMT+0700 (Indochina Time)
[debug] [2023-07-19T10:57:21.642Z] ----------------------------------------------------------------------
[debug] 
[info] i  Firebase optionally collects CLI and Emulator Suite usage and error reporting information to help improve our products. Data is collected in accordance with Google's privacy policy (https://policies.google.com/privacy) and is not used to identify you.
 
[info] i  To change your data collection preference at any time, run `firebase logout` and log in again. 
[info] 
[info] Visit this URL on this device to log in:
[info] https://accounts.google.com/o/oauth2/auth?client_id=563584335869-fgrhgmd47bqnekij5i8b5pr03ho849e6.apps.googleusercontent.com&scope=email%20openid%20https%3A%2F%2Fwww.googleapis.com%2Fauth%2Fcloudplatformprojects.readonly%20https%3A%2F%2Fwww.googleapis.com%2Fauth%2Ffirebase%20https%3A%2F%2Fwww.googleapis.com%2Fauth%2Fcloud-platform&response_type=code&state=278049104&redirect_uri=http%3A%2F%2Flocalhost%3A9005
[info] 
[info] Waiting for authentication...
[debug] [2023-07-19T10:58:15.431Z] >>> [apiv2][query] POST https://accounts.google.com/o/oauth2/token [none]
[debug] [2023-07-19T10:58:15.431Z] >>> [apiv2][body] POST https://accounts.google.com/o/oauth2/token [omitted]
[debug] [2023-07-19T10:58:15.701Z] <<< [apiv2][status] POST https://accounts.google.com/o/oauth2/token 200
[debug] [2023-07-19T10:58:15.701Z] <<< [apiv2][body] POST https://accounts.google.com/o/oauth2/token [omitted]
[info] 
[info] +  Success! Logged in as dolly30209@gmail.com 
[debug] [2023-07-19T10:58:25.776Z] Error: Timed out.
    at Timeout._onTimeout (C:\Users\dolly\AppData\Roaming\npm\node_modules\firebase-tools\lib\utils.js:254:49)
    at listOnTimeout (node:internal/timers:564:17)
    at process.processTimers (node:internal/timers:507:7)
[error] 
[error] Error: An unexpected error has occurred.
